<?xml version="1.0" encoding="UTF-8"?>
<!-- Generated by org.testng.reporters.JUnitXMLReporter -->
<testsuite ignored="0" hostname="Harry" failures="0" tests="4" name="Test" time="16.101" errors="0" timestamp="2024-09-11T16:44:41 IST">
  <testcase classname="com.myntrajio.RegisterTest.RegisterTest" name="registerValidData" time="10.067"/>
  <testcase classname="com.myntrajio.RegisterTest.RegisterTest" name="validateRegisterButtonColor" time="0.005"/>
  <testcase classname="com.myntrajio.RegisterTest.RegisterTest" name="validateRegisterButtonPosition" time="0.003"/>
  <testcase classname="com.myntrajio.RegisterTest.RegisterTest" name="validateRegisterButtonSize" time="0.003"/>
</testsuite> <!-- Test -->
