<?xml version="1.0" encoding="UTF-8"?>
<testng-results ignored="0" total="1" passed="1" failed="0" skipped="0">
  <reporter-output>
    <line>
      <![CDATA[Get SuiteConnections Done Sucessful]]>
    </line>
    <line>
      <![CDATA[precondition Done Sucessful]]>
    </line>
    <line>
      <![CDATA[BrowserSetup: chrome Sucessful]]>
    </line>
    <line>
      <![CDATA[login Sucessful]]>
    </line>
    <line>
      <![CDATA[Register With Valid Data Sucess]]>
    </line>
    <line>
      <![CDATA[Logout Sucessful]]>
    </line>
    <line>
      <![CDATA[Closebrowser Sucessful]]>
    </line>
    <line>
      <![CDATA[postcondition Done Sucessful]]>
    </line>
    <line>
      <![CDATA[Terminate Suiteconnection Done Sucessful]]>
    </line>
  </reporter-output>
  <suite started-at="2024-09-02T17:14:12 IST" name="FunctionalityTestSuite" finished-at="2024-09-02T17:14:27 IST" duration-ms="14608">
    <groups>
    </groups>
    <test started-at="2024-09-02T17:14:12 IST" name="Test" finished-at="2024-09-02T17:14:27 IST" duration-ms="14608">
      <class name="com.myntrajio.RegisterTest.RegisterTest">
        <test-method is-config="true" signature="getSuiteConnections()[pri:0, instance:com.myntrajio.RegisterTest.RegisterTest@298a5e20]" started-at="2024-09-02T17:14:12 IST" name="getSuiteConnections" finished-at="2024-09-02T17:14:12 IST" duration-ms="24" status="PASS">
          <reporter-output>
            <line>
              <![CDATA[Get SuiteConnections Done Sucessful]]>
            </line>
          </reporter-output>
        </test-method> <!-- getSuiteConnections -->
        <test-method is-config="true" signature="precondition()[pri:0, instance:com.myntrajio.RegisterTest.RegisterTest@298a5e20]" started-at="2024-09-02T17:14:12 IST" name="precondition" finished-at="2024-09-02T17:14:12 IST" duration-ms="2" status="PASS">
          <reporter-output>
            <line>
              <![CDATA[precondition Done Sucessful]]>
            </line>
          </reporter-output>
        </test-method> <!-- precondition -->
        <test-method is-config="true" signature="browserSetup(java.lang.String,java.lang.String)[pri:0, instance:com.myntrajio.RegisterTest.RegisterTest@298a5e20]" started-at="2024-09-02T17:14:12 IST" name="browserSetup" finished-at="2024-09-02T17:14:16 IST" duration-ms="3851" status="PASS">
          <params>
            <param index="0">
              <value>
                <![CDATA[chrome]]>
              </value>
            </param>
            <param index="1">
              <value>
                <![CDATA[Harry]]>
              </value>
            </param>
          </params>
          <reporter-output>
            <line>
              <![CDATA[BrowserSetup: chrome Sucessful]]>
            </line>
          </reporter-output>
        </test-method> <!-- browserSetup -->
        <test-method is-config="true" signature="login()[pri:0, instance:com.myntrajio.RegisterTest.RegisterTest@298a5e20]" started-at="2024-09-02T17:14:16 IST" name="login" finished-at="2024-09-02T17:14:16 IST" duration-ms="2" status="PASS">
          <reporter-output>
            <line>
              <![CDATA[login Sucessful]]>
            </line>
          </reporter-output>
        </test-method> <!-- login -->
        <test-method signature="registerValidData()[pri:0, instance:com.myntrajio.RegisterTest.RegisterTest@298a5e20]" started-at="2024-09-02T17:14:16 IST" name="registerValidData" finished-at="2024-09-02T17:14:27 IST" duration-ms="10450" status="PASS">
          <reporter-output>
            <line>
              <![CDATA[Register With Valid Data Sucess]]>
            </line>
          </reporter-output>
        </test-method> <!-- registerValidData -->
        <test-method is-config="true" signature="Logout()[pri:0, instance:com.myntrajio.RegisterTest.RegisterTest@298a5e20]" started-at="2024-09-02T17:14:27 IST" name="Logout" finished-at="2024-09-02T17:14:27 IST" duration-ms="1" status="PASS">
          <reporter-output>
            <line>
              <![CDATA[Logout Sucessful]]>
            </line>
          </reporter-output>
        </test-method> <!-- Logout -->
        <test-method is-config="true" signature="closebrowser()[pri:0, instance:com.myntrajio.RegisterTest.RegisterTest@298a5e20]" started-at="2024-09-02T17:14:27 IST" name="closebrowser" finished-at="2024-09-02T17:14:27 IST" duration-ms="210" status="PASS">
          <reporter-output>
            <line>
              <![CDATA[Closebrowser Sucessful]]>
            </line>
          </reporter-output>
        </test-method> <!-- closebrowser -->
        <test-method is-config="true" signature="postcondition()[pri:0, instance:com.myntrajio.RegisterTest.RegisterTest@298a5e20]" started-at="2024-09-02T17:14:27 IST" name="postcondition" finished-at="2024-09-02T17:14:27 IST" duration-ms="1" status="PASS">
          <reporter-output>
            <line>
              <![CDATA[postcondition Done Sucessful]]>
            </line>
          </reporter-output>
        </test-method> <!-- postcondition -->
        <test-method is-config="true" signature="terminateSuiteconnection()[pri:0, instance:com.myntrajio.RegisterTest.RegisterTest@298a5e20]" started-at="2024-09-02T17:14:27 IST" name="terminateSuiteconnection" finished-at="2024-09-02T17:14:27 IST" duration-ms="1" status="PASS">
          <reporter-output>
            <line>
              <![CDATA[Terminate Suiteconnection Done Sucessful]]>
            </line>
          </reporter-output>
        </test-method> <!-- terminateSuiteconnection -->
      </class> <!-- com.myntrajio.RegisterTest.RegisterTest -->
    </test> <!-- Test -->
  </suite> <!-- FunctionalityTestSuite -->
</testng-results>
